Using pre-set license
Built from '2022.2/release' branch; Version is '2022.2.1f1 (4fead5835099) revision 5237461'; Using compiler version '192829333'; Build Type 'Release'
OS: 'Windows 11  (10.0.22621) 64bit Core' Language: 'en' Physical Memory: 16310 MB
BatchMode: 1, IsHumanControllingUs: 0, StartBugReporterOnCrash: 0, Is64bit: 1, IsPro: 1

COMMAND LINE ARGUMENTS:
C:\Program Files\Unity\Hub\Editor\2022.2.1f1\Editor\Unity.exe
-adb2
-batchMode
-noUpm
-name
AssetImportWorker4
-projectPath
C:/Users/eduar/OneDrive/Desktop/Unity Projects/GDD-Party-Puzzle-Game-Prototype
-logFile
Logs/AssetImportWorker4.log
-srvPort
58263
Successfully changed project path to: C:/Users/eduar/OneDrive/Desktop/Unity Projects/GDD-Party-Puzzle-Game-Prototype
C:/Users/eduar/OneDrive/Desktop/Unity Projects/GDD-Party-Puzzle-Game-Prototype
[UnityMemory] Configuration Parameters - Can be set up in boot.config
    "memorysetup-bucket-allocator-granularity=16"
    "memorysetup-bucket-allocator-bucket-count=8"
    "memorysetup-bucket-allocator-block-size=33554432"
    "memorysetup-bucket-allocator-block-count=8"
    "memorysetup-main-allocator-block-size=16777216"
    "memorysetup-thread-allocator-block-size=16777216"
    "memorysetup-gfx-main-allocator-block-size=16777216"
    "memorysetup-gfx-thread-allocator-block-size=16777216"
    "memorysetup-cache-allocator-block-size=4194304"
    "memorysetup-typetree-allocator-block-size=2097152"
    "memorysetup-profiler-bucket-allocator-granularity=16"
    "memorysetup-profiler-bucket-allocator-bucket-count=8"
    "memorysetup-profiler-bucket-allocator-block-size=33554432"
    "memorysetup-profiler-bucket-allocator-block-count=8"
    "memorysetup-profiler-allocator-block-size=16777216"
    "memorysetup-profiler-editor-allocator-block-size=1048576"
    "memorysetup-temp-allocator-size-main=16777216"
    "memorysetup-job-temp-allocator-block-size=2097152"
    "memorysetup-job-temp-allocator-block-size-background=1048576"
    "memorysetup-job-temp-allocator-reduction-small-platforms=262144"
    "memorysetup-temp-allocator-size-background-worker=32768"
    "memorysetup-temp-allocator-size-job-worker=262144"
    "memorysetup-temp-allocator-size-preload-manager=33554432"
    "memorysetup-temp-allocator-size-nav-mesh-worker=65536"
    "memorysetup-temp-allocator-size-audio-worker=65536"
    "memorysetup-temp-allocator-size-cloud-worker=32768"
    "memorysetup-temp-allocator-size-gi-baking-worker=262144"
    "memorysetup-temp-allocator-size-gfx=262144"
Player connection [25124] Host "[IP] 10.0.0.208 [Port] 0 [Flags] 2 [Guid] 846458152 [EditorId] 846458152 [Version] 1048832 [Id] WindowsEditor(7,Ed) [Debug] 1 [PackageName] WindowsEditor [ProjectName] Editor" joined multi-casting on [225.0.0.222:54997]...

Player connection [25124] Host "[IP] 10.0.0.208 [Port] 0 [Flags] 2 [Guid] 846458152 [EditorId] 846458152 [Version] 1048832 [Id] WindowsEditor(7,Ed) [Debug] 1 [PackageName] WindowsEditor [ProjectName] Editor" joined alternative multi-casting on [225.0.0.222:34997]...

Refreshing native plugins compatible for Editor in 13.89 ms, found 4 plugins.
Preloading 0 native plugins for Editor in 0.00 ms.
Initialize engine version: 2022.2.1f1 (4fead5835099)
[Subsystems] Discovering subsystems at path C:/Program Files/Unity/Hub/Editor/2022.2.1f1/Editor/Data/Resources/UnitySubsystems
[Subsystems] Discovering subsystems at path C:/Users/eduar/OneDrive/Desktop/Unity Projects/GDD-Party-Puzzle-Game-Prototype/Assets
GfxDevice: creating device client; threaded=0; jobified=0
Direct3D:
    Version:  Direct3D 11.0 [level 11.1]
    Renderer: NVIDIA GeForce GTX 1060 6GB (ID=0x1c03)
    Vendor:   NVIDIA
    VRAM:     6052 MB
    Driver:   31.0.15.1694
Initialize mono
Mono path[0] = 'C:/Program Files/Unity/Hub/Editor/2022.2.1f1/Editor/Data/Managed'
Mono path[1] = 'C:/Program Files/Unity/Hub/Editor/2022.2.1f1/Editor/Data/MonoBleedingEdge/lib/mono/unityjit-win32'
Mono config path = 'C:/Program Files/Unity/Hub/Editor/2022.2.1f1/Editor/Data/MonoBleedingEdge/etc'
Using monoOptions --debugger-agent=transport=dt_socket,embedding=1,server=y,suspend=n,address=127.0.0.1:56732
Begin MonoManager ReloadAssembly
Registering precompiled unity dll's ...
Register platform support module: C:/Program Files/Unity/Hub/Editor/2022.2.1f1/Editor/Data/PlaybackEngines/WindowsStandaloneSupport/UnityEditor.WindowsStandalone.Extensions.dll
Registered in 0.007046 seconds.
- Loaded All Assemblies, in  0.308 seconds
Native extension for WindowsStandalone target not found
Mono: successfully reloaded assembly
- Finished resetting the current domain, in  0.261 seconds
Domain Reload Profiling:
	ReloadAssembly (184ms)
		BeginReloadAssembly (74ms)
			ExecutionOrderSort (0ms)
			DisableScriptedObjects (0ms)
			BackupInstance (0ms)
			ReleaseScriptingObjects (0ms)
			CreateAndSetChildDomain (1ms)
		LoadAllAssembliesAndSetupDomain (0ms)
			LoadAssemblies (72ms)
			RebuildTransferFunctionScriptingTraits (0ms)
			SetupTypeCache (117ms)
				TypeCache.Initialize (116ms)
					TypeCache.ScanAssembly (115ms)
				ResolveRequiredComponents (0ms)
		FinalizeReload (0ms)
			ReleaseScriptCaches (0ms)
			RebuildScriptCaches (0ms)
			SetupLoadedEditorAssemblies (203ms)
				LogAssemblyErrors (0ms)
				InitializePlatformSupportModulesInManaged (9ms)
				SetLoadedEditorAssemblies (8ms)
				RefreshPlugins (0ms)
				BeforeProcessingInitializeOnLoad (1ms)
				ProcessInitializeOnLoadAttributes (139ms)
				ProcessInitializeOnLoadMethodAttributes (46ms)
				AfterProcessingInitializeOnLoad (0ms)
				EditorAssembliesLoaded (0ms)
			ExecutionOrderSort2 (0ms)
			AwakeInstancesAfterBackupRestoration (0ms)
========================================================================
Worker process is ready to serve import requests
Begin MonoManager ReloadAssembly
Symbol file LoadedFromMemory doesn't match image C:\Users\eduar\OneDrive\Desktop\Unity Projects\GDD-Party-Puzzle-Game-Prototype\Library\PackageCache\com.unity.visualscripting@1.7.8\Editor\VisualScripting.Core\Dependencies\YamlDotNet\Unity.VisualScripting.YamlDotNet.dll
Symbol file LoadedFromMemory doesn't match image C:\Users\eduar\OneDrive\Desktop\Unity Projects\GDD-Party-Puzzle-Game-Prototype\Library\PackageCache\com.unity.visualscripting@1.7.8\Editor\VisualScripting.Core\Dependencies\DotNetZip\Unity.VisualScripting.IonicZip.dll
- Loaded All Assemblies, in  0.776 seconds
Refreshing native plugins compatible for Editor in 5.11 ms, found 4 plugins.
Native extension for WindowsStandalone target not found
Mono: successfully reloaded assembly
- Finished resetting the current domain, in  0.581 seconds
Domain Reload Profiling:
	ReloadAssembly (206ms)
		BeginReloadAssembly (112ms)
			ExecutionOrderSort (0ms)
			DisableScriptedObjects (5ms)
			BackupInstance (0ms)
			ReleaseScriptingObjects (0ms)
			CreateAndSetChildDomain (21ms)
		LoadAllAssembliesAndSetupDomain (565ms)
			LoadAssemblies (89ms)
			RebuildTransferFunctionScriptingTraits (0ms)
			SetupTypeCache (521ms)
				TypeCache.Initialize (274ms)
					TypeCache.ScanAssembly (270ms)
				ResolveRequiredComponents (5ms)
		FinalizeReload (0ms)
			ReleaseScriptCaches (0ms)
			RebuildScriptCaches (0ms)
			SetupLoadedEditorAssemblies (417ms)
				LogAssemblyErrors (0ms)
				InitializePlatformSupportModulesInManaged (5ms)
				SetLoadedEditorAssemblies (9ms)
				RefreshPlugins (0ms)
				BeforeProcessingInitializeOnLoad (77ms)
				ProcessInitializeOnLoadAttributes (283ms)
				ProcessInitializeOnLoadMethodAttributes (36ms)
				AfterProcessingInitializeOnLoad (7ms)
				EditorAssembliesLoaded (0ms)
			ExecutionOrderSort2 (0ms)
			AwakeInstancesAfterBackupRestoration (6ms)
Launched and connected shader compiler UnityShaderCompiler.exe after 0.06 seconds
Refreshing native plugins compatible for Editor in 6.24 ms, found 4 plugins.
Preloading 0 native plugins for Editor in 0.00 ms.
Unloading 4434 Unused Serialized files (Serialized files now loaded: 0)
Unloading 53 unused Assets / (0.57 GB). Loaded Objects now: 4890.
Memory consumption went from 0.66 GB to 92.2 MB.
Total: 18.565100 ms (FindLiveObjects: 0.717200 ms CreateObjectMapping: 0.539000 ms MarkObjects: 17.046100 ms  DeleteObjects: 0.261400 ms)

AssetImportParameters requested are different than current active one (requested -> active):
  custom:container-demuxer-ogg: 62fdf1f143b41e24485cea50d1cbac27 -> 
  custom:video-decoder-ogg-theora: a1e56fd34408186e4bbccfd4996cb3dc -> 
  custom:framework-win-MediaFoundation: 216162199b28c13a410421893ffa2e32 -> 
  custom:container-demuxer-webm: 4f35f7cbe854078d1ac9338744f61a02 -> 
  custom:container-muxer-webm: aa71ff27fc2769a1b78a27578f13a17b -> 
  custom:video-decoder-webm-vp8: 9c59270c3fd7afecdb556c50c9e8de78 -> 
  custom:AudioImporter_EditorPlatform: d09bf68614088b80899f8185d706f6e7 -> 
  custom:video-encoder-webm-vp8: eb34c28f22e8b96e1ab97ce403110664 -> 
  custom:audio-decoder-ogg-vorbis: bf7c407c2cedff20999df2af8eb42d56 -> 
  custom:audio-encoder-webm-vorbis: bf7c407c2cedff20999df2af8eb42d56 -> 
========================================================================
Received Import Request.
  Time since last request: 3752483.349026 seconds.
  path: Assets/Sprites/Texture/TX Plant.png
  artifactKey: Guid(d00d0646b210f954ea6e4f96ccb7d529) Importer(815301076,1909f56bfc062723c751e8b465ee728b)
Number of updated assets reloaded before import = 0
Start importing Assets/Sprites/Texture/TX Plant.png using Guid(d00d0646b210f954ea6e4f96ccb7d529) Importer(815301076,1909f56bfc062723c751e8b465ee728b)  -> (artifact id: 'a3c5a4be491bbd9da8fb355b89a811ed') in 0.126167 seconds 
Number of asset objects unloaded after import = 3
========================================================================
Received Import Request.
  Time since last request: 9.202844 seconds.
  path: Assets/Sprites/Texture/TX Plant.png
  artifactKey: Guid(d00d0646b210f954ea6e4f96ccb7d529) Importer(815301076,1909f56bfc062723c751e8b465ee728b)
Number of updated assets reloaded before import = 0
Start importing Assets/Sprites/Texture/TX Plant.png using Guid(d00d0646b210f954ea6e4f96ccb7d529) Importer(815301076,1909f56bfc062723c751e8b465ee728b)  -> (artifact id: 'be6b58f321400a38288af990aa0cceb7') in 0.017420 seconds 
Number of asset objects unloaded after import = 3
========================================================================
Received Import Request.
  Time since last request: 0.000039 seconds.
  path: Assets/Sprites/Texture/TX Tileset Wall.png
  artifactKey: Guid(e8b3db72a2bd47b4ca79082da328c25d) Importer(815301076,1909f56bfc062723c751e8b465ee728b)
Number of updated assets reloaded before import = 0
Start importing Assets/Sprites/Texture/TX Tileset Wall.png using Guid(e8b3db72a2bd47b4ca79082da328c25d) Importer(815301076,1909f56bfc062723c751e8b465ee728b)  -> (artifact id: '021a748e3eebf63e8e7ff2b5ea76049f') in 0.016475 seconds 
Number of asset objects unloaded after import = 3
========================================================================
Received Import Request.
  Time since last request: 0.000042 seconds.
  path: Assets/Sprites/Texture/TX Struct.png
  artifactKey: Guid(b4e955ea774eaa744bc1d3fd26f108cd) Importer(815301076,1909f56bfc062723c751e8b465ee728b)
Number of updated assets reloaded before import = 0
Start importing Assets/Sprites/Texture/TX Struct.png using Guid(b4e955ea774eaa744bc1d3fd26f108cd) Importer(815301076,1909f56bfc062723c751e8b465ee728b)  -> (artifact id: '2fa34922a1d4e90e038b952849c57d00') in 0.021424 seconds 
Number of asset objects unloaded after import = 3
========================================================================
Received Import Request.
  Time since last request: 23.768156 seconds.
  path: Assets/Sprites/Texture/TX Tileset Grass.png
  artifactKey: Guid(6822995ca5145824a8f5ad12ac714deb) Importer(815301076,1909f56bfc062723c751e8b465ee728b)
Number of updated assets reloaded before import = 0
Start importing Assets/Sprites/Texture/TX Tileset Grass.png using Guid(6822995ca5145824a8f5ad12ac714deb) Importer(815301076,1909f56bfc062723c751e8b465ee728b)  -> (artifact id: 'f202e9a14677c19abfc74af316b878fd') in 0.010495 seconds 
Number of asset objects unloaded after import = 2
========================================================================
Received Import Request.
  Time since last request: 44.327519 seconds.
  path: Assets/Sprites/Texture/TX Tileset Grass.png
  artifactKey: Guid(6822995ca5145824a8f5ad12ac714deb) Importer(815301076,1909f56bfc062723c751e8b465ee728b)
Number of updated assets reloaded before import = 0
Start importing Assets/Sprites/Texture/TX Tileset Grass.png using Guid(6822995ca5145824a8f5ad12ac714deb) Importer(815301076,1909f56bfc062723c751e8b465ee728b)  -> (artifact id: 'ca90b11dd224c9dd92d247010ac1f536') in 0.148634 seconds 
Number of asset objects unloaded after import = 66
========================================================================
Received Import Request.
  Time since last request: 67.945218 seconds.
  path: ProjectSettings/TagManager.asset
  artifactKey: Guid(00000000000000003000000000000000) Importer(815301076,1909f56bfc062723c751e8b465ee728b)
Number of updated assets reloaded before import = 0
Start importing ProjectSettings/TagManager.asset using Guid(00000000000000003000000000000000) Importer(815301076,1909f56bfc062723c751e8b465ee728b)  -> (artifact id: '6cc541397077f2a343b64f42012ad313') in 0.013645 seconds 
Number of asset objects unloaded after import = 0
========================================================================
Received Import Request.
  Time since last request: 15.097802 seconds.
  path: ProjectSettings/TagManager.asset
  artifactKey: Guid(00000000000000003000000000000000) Importer(815301076,1909f56bfc062723c751e8b465ee728b)
Number of updated assets reloaded before import = 0
Start importing ProjectSettings/TagManager.asset using Guid(00000000000000003000000000000000) Importer(815301076,1909f56bfc062723c751e8b465ee728b)  -> (artifact id: 'b704840aa2b6ba1a02a70ea566ace6a6') in 0.004273 seconds 
Number of asset objects unloaded after import = 0
========================================================================
Received Import Request.
  Time since last request: 40.727485 seconds.
  path: Assets/Tiles/World Palette.prefab
  artifactKey: Guid(1d871fef57a8c3348884110f151e08cb) Importer(815301076,1909f56bfc062723c751e8b465ee728b)
Number of updated assets reloaded before import = 0
Start importing Assets/Tiles/World Palette.prefab using Guid(1d871fef57a8c3348884110f151e08cb) Importer(815301076,1909f56bfc062723c751e8b465ee728b)  -> (artifact id: 'ca3cf375c655b5a2d1608f89c29efc41') in 0.067423 seconds 
Number of asset objects unloaded after import = 10
========================================================================
Received Import Request.
  Time since last request: 37.778807 seconds.
  path: Assets/Sprites/World Tileset
  artifactKey: Guid(d56b14d61c51e044db27e9bf2d7fdbff) Importer(815301076,1909f56bfc062723c751e8b465ee728b)
Number of updated assets reloaded before import = 0
Start importing Assets/Sprites/World Tileset using Guid(d56b14d61c51e044db27e9bf2d7fdbff) Importer(815301076,1909f56bfc062723c751e8b465ee728b)  -> (artifact id: 'a65ed2e6f49c1a20fb162cb0b9ff92d0') in 0.007581 seconds 
Number of asset objects unloaded after import = 0
========================================================================
Received Import Request.
  Time since last request: 31.350237 seconds.
  path: Assets/Tiles/Grassy Tile.asset
  artifactKey: Guid(8575a73fe41046e4896091a9dc207226) Importer(815301076,1909f56bfc062723c751e8b465ee728b)
Number of updated assets reloaded before import = 0
Start importing Assets/Tiles/Grassy Tile.asset using Guid(8575a73fe41046e4896091a9dc207226) Importer(815301076,1909f56bfc062723c751e8b465ee728b)  -> (artifact id: '2a7de9d83db73948936254004985e901') in 0.015000 seconds 
Number of asset objects unloaded after import = 1
========================================================================
Received Import Request.
  Time since last request: 12.554523 seconds.
  path: Assets/Tiles/Stoney Tile.asset
  artifactKey: Guid(2d05e5958460416478ddb6bc51038b72) Importer(815301076,1909f56bfc062723c751e8b465ee728b)
Number of updated assets reloaded before import = 0
Start importing Assets/Tiles/Stoney Tile.asset using Guid(2d05e5958460416478ddb6bc51038b72) Importer(815301076,1909f56bfc062723c751e8b465ee728b)  -> (artifact id: 'a89c37a086b6b04d535b950d37725047') in 0.008644 seconds 
Number of asset objects unloaded after import = 1
========================================================================
Received Import Request.
  Time since last request: 39.826363 seconds.
  path: Assets/Tiles/World Palette.prefab
  artifactKey: Guid(1d871fef57a8c3348884110f151e08cb) Importer(815301076,1909f56bfc062723c751e8b465ee728b)
Number of updated assets reloaded before import = 0
Start importing Assets/Tiles/World Palette.prefab using Guid(1d871fef57a8c3348884110f151e08cb) Importer(815301076,1909f56bfc062723c751e8b465ee728b)  -> (artifact id: '3d3b8d7e7db6a8ebbe862b8941742b4a') in 0.014195 seconds 
Number of asset objects unloaded after import = 11
========================================================================
Received Import Request.
  Time since last request: 36.151757 seconds.
  path: Assets/Tiles/Grassy Tile.asset
  artifactKey: Guid(8575a73fe41046e4896091a9dc207226) Importer(815301076,1909f56bfc062723c751e8b465ee728b)
Number of updated assets reloaded before import = 0
Start importing Assets/Tiles/Grassy Tile.asset using Guid(8575a73fe41046e4896091a9dc207226) Importer(815301076,1909f56bfc062723c751e8b465ee728b)  -> (artifact id: '3b0d1770f20eef07c5c0b7ca179ed33b') in 0.014995 seconds 
Number of asset objects unloaded after import = 34
========================================================================
Received Import Request.
  Time since last request: 9.198753 seconds.
  path: Assets/Sprites/World Tileset/TX Tileset Grass.png
  artifactKey: Guid(6822995ca5145824a8f5ad12ac714deb) Importer(815301076,1909f56bfc062723c751e8b465ee728b)
Number of updated assets reloaded before import = 0
Start importing Assets/Sprites/World Tileset/TX Tileset Grass.png using Guid(6822995ca5145824a8f5ad12ac714deb) Importer(815301076,1909f56bfc062723c751e8b465ee728b)  -> (artifact id: 'ffc574584b00196bc927588201122953') in 0.094088 seconds 
Number of asset objects unloaded after import = 66
========================================================================
Received Import Request.
  Time since last request: 3.262543 seconds.
  path: Assets/Sprites/World Tileset/TX Tileset Grass.png
  artifactKey: Guid(6822995ca5145824a8f5ad12ac714deb) Importer(815301076,1909f56bfc062723c751e8b465ee728b)
Number of updated assets reloaded before import = 0
Start importing Assets/Sprites/World Tileset/TX Tileset Grass.png using Guid(6822995ca5145824a8f5ad12ac714deb) Importer(815301076,1909f56bfc062723c751e8b465ee728b)  -> (artifact id: 'd2a0672720a32f15736d9b377889b263') in 0.098305 seconds 
Number of asset objects unloaded after import = 66
========================================================================
Received Import Request.
  Time since last request: 3.294940 seconds.
  path: Assets/Sprites/World Tileset/TX Tileset Grass.png
  artifactKey: Guid(6822995ca5145824a8f5ad12ac714deb) Importer(815301076,1909f56bfc062723c751e8b465ee728b)
Number of updated assets reloaded before import = 0
Start importing Assets/Sprites/World Tileset/TX Tileset Grass.png using Guid(6822995ca5145824a8f5ad12ac714deb) Importer(815301076,1909f56bfc062723c751e8b465ee728b)  -> (artifact id: '86d37b07a99c86b896fd24e0652a65e4') in 0.100287 seconds 
Number of asset objects unloaded after import = 66
========================================================================
Received Import Request.
  Time since last request: 16.267671 seconds.
  path: Assets/Sprites/World Tileset/TX Tileset Grass.png
  artifactKey: Guid(6822995ca5145824a8f5ad12ac714deb) Importer(815301076,1909f56bfc062723c751e8b465ee728b)
Number of updated assets reloaded before import = 0
Start importing Assets/Sprites/World Tileset/TX Tileset Grass.png using Guid(6822995ca5145824a8f5ad12ac714deb) Importer(815301076,1909f56bfc062723c751e8b465ee728b)  -> (artifact id: 'f0bc2c0262e6efe5d4a9d8ef3fb8b123') in 0.157917 seconds 
Number of asset objects unloaded after import = 66
========================================================================
Received Import Request.
  Time since last request: 8.728867 seconds.
  path: Assets/Tiles/Grassy Tile.asset
  artifactKey: Guid(8575a73fe41046e4896091a9dc207226) Importer(815301076,1909f56bfc062723c751e8b465ee728b)
Number of updated assets reloaded before import = 0
Start importing Assets/Tiles/Grassy Tile.asset using Guid(8575a73fe41046e4896091a9dc207226) Importer(815301076,1909f56bfc062723c751e8b465ee728b)  -> (artifact id: '143b198673abe7167b1a828176f92d45') in 0.008586 seconds 
Number of asset objects unloaded after import = 34
========================================================================
Received Import Request.
  Time since last request: 78.913487 seconds.
  path: Assets/Tiles/Grassy Tile.asset
  artifactKey: Guid(8575a73fe41046e4896091a9dc207226) Importer(815301076,1909f56bfc062723c751e8b465ee728b)
Number of updated assets reloaded before import = 0
Start importing Assets/Tiles/Grassy Tile.asset using Guid(8575a73fe41046e4896091a9dc207226) Importer(815301076,1909f56bfc062723c751e8b465ee728b)  -> (artifact id: '5e4bf01cd5695639c9841f691fa0078b') in 0.008071 seconds 
Number of asset objects unloaded after import = 11
========================================================================
Received Import Request.
  Time since last request: 25.695697 seconds.
  path: Assets/Tiles/Grassy Tile.asset
  artifactKey: Guid(8575a73fe41046e4896091a9dc207226) Importer(815301076,1909f56bfc062723c751e8b465ee728b)
Number of updated assets reloaded before import = 0
Start importing Assets/Tiles/Grassy Tile.asset using Guid(8575a73fe41046e4896091a9dc207226) Importer(815301076,1909f56bfc062723c751e8b465ee728b)  -> (artifact id: '4c09b8fb8cd1bc6f481ae40a064e1bc5') in 0.009109 seconds 
Number of asset objects unloaded after import = 11
========================================================================
Received Import Request.
  Time since last request: 30.756830 seconds.
  path: Assets/Tiles/Grassy Tile.asset
  artifactKey: Guid(8575a73fe41046e4896091a9dc207226) Importer(815301076,1909f56bfc062723c751e8b465ee728b)
Number of updated assets reloaded before import = 0
Start importing Assets/Tiles/Grassy Tile.asset using Guid(8575a73fe41046e4896091a9dc207226) Importer(815301076,1909f56bfc062723c751e8b465ee728b)  -> (artifact id: 'ef581d2b4cc4fffcd5239edcc1327a24') in 0.007229 seconds 
Number of asset objects unloaded after import = 11
========================================================================
Received Import Request.
  Time since last request: 279.782274 seconds.
  path: Assets/Sprites/TileSet_V2.png
  artifactKey: Guid(2946751f4ad9c874ab3303e7797a2e45) Importer(815301076,1909f56bfc062723c751e8b465ee728b)
Number of updated assets reloaded before import = 0
Start importing Assets/Sprites/TileSet_V2.png using Guid(2946751f4ad9c874ab3303e7797a2e45) Importer(815301076,1909f56bfc062723c751e8b465ee728b)  -> (artifact id: 'ab2c4535289a825f02f84ba0fa9eb3af') in 0.028432 seconds 
Number of asset objects unloaded after import = 3
========================================================================
Received Import Request.
  Time since last request: 4.780499 seconds.
  path: Assets/Sprites/World_Tileset.png
  artifactKey: Guid(2946751f4ad9c874ab3303e7797a2e45) Importer(815301076,1909f56bfc062723c751e8b465ee728b)
Number of updated assets reloaded before import = 0
Start importing Assets/Sprites/World_Tileset.png using Guid(2946751f4ad9c874ab3303e7797a2e45) Importer(815301076,1909f56bfc062723c751e8b465ee728b)  -> (artifact id: '33f13abc9f7dc0821359ca8b25b4fb76') in 0.015182 seconds 
Number of asset objects unloaded after import = 3
========================================================================
Received Import Request.
  Time since last request: 7.131257 seconds.
  path: Assets/Sprites/World_Tileset.png
  artifactKey: Guid(2946751f4ad9c874ab3303e7797a2e45) Importer(815301076,1909f56bfc062723c751e8b465ee728b)
Number of updated assets reloaded before import = 0
Start importing Assets/Sprites/World_Tileset.png using Guid(2946751f4ad9c874ab3303e7797a2e45) Importer(815301076,1909f56bfc062723c751e8b465ee728b)  -> (artifact id: '10d0973b190a8971ea942846589d59f6') in 0.015974 seconds 
Number of asset objects unloaded after import = 3
========================================================================
Received Import Request.
  Time since last request: 3.124353 seconds.
  path: Assets/Sprites/World_Tileset.png
  artifactKey: Guid(2946751f4ad9c874ab3303e7797a2e45) Importer(815301076,1909f56bfc062723c751e8b465ee728b)
Number of updated assets reloaded before import = 0
Start importing Assets/Sprites/World_Tileset.png using Guid(2946751f4ad9c874ab3303e7797a2e45) Importer(815301076,1909f56bfc062723c751e8b465ee728b)  -> (artifact id: 'f70a3aa14806fd504a3a5db06d7e0f58') in 0.009924 seconds 
Number of asset objects unloaded after import = 2
========================================================================
Received Import Request.
  Time since last request: 38.285092 seconds.
  path: Assets/Sprites/World_Tileset.png
  artifactKey: Guid(2946751f4ad9c874ab3303e7797a2e45) Importer(815301076,1909f56bfc062723c751e8b465ee728b)
Number of updated assets reloaded before import = 0
Start importing Assets/Sprites/World_Tileset.png using Guid(2946751f4ad9c874ab3303e7797a2e45) Importer(815301076,1909f56bfc062723c751e8b465ee728b)  -> (artifact id: '65a2a1820127ceab4a908f77f6227e1b') in 0.283489 seconds 
Number of asset objects unloaded after import = 133
========================================================================
Received Import Request.
  Time since last request: 671.660538 seconds.
  path: Assets/Tiles/World Palette.prefab
  artifactKey: Guid(1d871fef57a8c3348884110f151e08cb) Importer(815301076,1909f56bfc062723c751e8b465ee728b)
Number of updated assets reloaded before import = 0
Start importing Assets/Tiles/World Palette.prefab using Guid(1d871fef57a8c3348884110f151e08cb) Importer(815301076,1909f56bfc062723c751e8b465ee728b)  -> (artifact id: '33cda9f60e026b05d48d56d703ad282d') in 0.018924 seconds 
Number of asset objects unloaded after import = 10
